<?xml version="1.0" encoding="UTF-8"?>
<!-- Generated by org.testng.reporters.JUnitReportReporter -->
<testsuite hostname="Deshan" failures="0" tests="1" name="com.qa.test.LetCode_input" time="9.063" errors="0" timestamp="10 Jun 2021 17:55:22 GMT" skipped="0">
  <testcase classname="com.qa.test.LetCode_input" name="test1" time="9.063"/>
</testsuite> <!-- com.qa.test.LetCode_input -->
